Change Component Designator: Old Designator=C20 New Designator=C24
Change Component Designator: Old Designator=C21 New Designator=C25
Change Component Designator: Old Designator=C22 New Designator=C26
Change Component Designator: Old Designator=C23 New Designator=C27
Change Component Designator: Old Designator=C24 New Designator=C28
Change Component Designator: Old Designator=C25 New Designator=C29
Change Component Designator: Old Designator=C25 New Designator=C34
Change Component Designator: Old Designator=C25 New Designator=C35
Change Component Designator: Old Designator=C25 New Designator=C36
Change Component Designator: Old Designator=C26 New Designator=C30
Change Component Designator: Old Designator=C27 New Designator=C31
Change Component Designator: Old Designator=C28 New Designator=C32
Change Component Designator: Old Designator=C29 New Designator=C33
Change Component Designator: Old Designator=LED1 New Designator=LED2
Change Component Designator: Old Designator=LED1 New Designator=LED4
Change Component Designator: Old Designator=LED1 New Designator=LED5
Change Component Designator: Old Designator=LED1 New Designator=LED6
Change Component Designator: Old Designator=LED1 New Designator=LED7
Change Component Designator: Old Designator=LED1 New Designator=LED8
Change Component Designator: Old Designator=LED? New Designator=LED3
Change Component Designator: Old Designator=R6 New Designator=R21
Change Component Designator: Old Designator=R6 New Designator=R23
Change Component Designator: Old Designator=R6 New Designator=R24
Change Component Designator: Old Designator=R6 New Designator=R25
Change Component Designator: Old Designator=R6 New Designator=R26
Change Component Designator: Old Designator=R6 New Designator=R27
Change Component Designator: Old Designator=R6 New Designator=R28
Change Component Designator: Old Designator=R15 New Designator=R20
Change Component Designator: Old Designator=R19 New Designator=R22
Change Component Designator: Old Designator=R67 New Designator=R29
Change Component Designator: Old Designator=U1 New Designator=U9
