Removed Pin From Net: NetName=NetC31_1 Pin=R20-1
Removed Pin From Net: NetName=NetC30_1 Pin=R20-2
Change Component DesignItemId : Designator=U9 Old DesignItemId=MK10 New DesignItemId=MK10DN512ZVLL10
Change Component Footprint: Designator=R20 Old Footprint=080501 New Footprint=060301
Change Component Footprint: Designator=C9 Old Footprint=120601 New Footprint=060301
Change Component Comment : Designator=C9 Old Comment=C0805C104J5RACTU New Comment=GRM188R71E104KA01D
Change Component Comment : Designator=U9 Old Comment=MK10 New Comment=MK10DN512ZVLL10
Change Component Comment : Designator=R22 Old Comment=RMCF0805JT820R New Comment=ERJ-6GEYJ103V
Change Component Comment : Designator=R20 Old Comment=RMCF0805JT820R New Comment=RC0603FR-071KL
Change Component Designator: OldDesignator=R21 NewDesignator=R22
Change Component Designator: OldDesignator=R22 NewDesignator=R23
Change Component Designator: OldDesignator=R23 NewDesignator=R24
Change Component Designator: OldDesignator=R24 NewDesignator=R25
Change Component Designator: OldDesignator=R25 NewDesignator=R26
Change Component Designator: OldDesignator=R26 NewDesignator=R27
Change Component Designator: OldDesignator=R27 NewDesignator=R28
Change Component Designator: OldDesignator=R28 NewDesignator=R29
Change Component Designator: OldDesignator=R29 NewDesignator=R30
Added Component: Designator=R21(080501)
Added Pin To Net: NetName=3.3V Pin=R20-1
Added Pin To Net: NetName=NetC31_1 Pin=R21-1
Added Pin To Net: NetName=NetC30_1 Pin=R21-2
Change Net Name : Old Net Name=NetR21_1 New Net Name=NetR22_1
Change Net Name : Old Net Name=NetR23_1 New Net Name=NetR24_1
Change Net Name : Old Net Name=NetR24_1 New Net Name=NetR25_1
Change Net Name : Old Net Name=NetR25_1 New Net Name=NetR26_1
Change Net Name : Old Net Name=NetR26_1 New Net Name=NetR27_1
Change Net Name : Old Net Name=NetR27_1 New Net Name=NetR28_1
Added Pin To Net: NetName=NetR20_2 Pin=R20-2
Added Pin To Net: NetName=NetR20_2 Pin=U9-37
Added Pin To Net: NetName=NetR20_2 Pin=X7-2
Added Net: Name=NetR20_2
Added Pin To Net: NetName=NetR29_1 Pin=R29-1
Added Pin To Net: NetName=NetR29_1 Pin=U9-69
Added Net: Name=NetR29_1
Added Member To Class: ClassName=Microcontroleur Member=Component R30 RC0603FR-071KL
